0153075d-092e-4490-85b3-7fbfb7f17dc9  timestamp=1699037504s
03509143-6a6b-401f-8acd-d019c1a8e58f  timestamp=1668115730.228704079s
06f83fee-8297-4201-a065-c65d67da7a24  timestamp=1689779536s
080892cb-5cd1-4f7c-a103-7c9a3ee6bcf8  timestamp=1699037504s
109f8fdb-12c4-4ad4-9aac-c3080f15904f  timestamp=1699037504s
123d7618-4d99-4821-a637-b6c52f420109  timestamp=1689779536s
139d7529-7b9a-40b5-8697-970aec70ef94  timestamp=1699037504s
15a84443-ceed-4632-84c0-74a953611c9f  timestamp=1668120439.820972743s
18240e34-8b97-4b98-b99d-aeb3a28b6729  timestamp=1668112168.293953993s
19ab1517-afc0-4594-a62f-1d6d7c6a8234  timestamp=1689779536s
1c618018-4373-4429-8906-534fa45d7531  timestamp=1699037504s
1daebe0e-0463-414c-96c2-4c0851641f11  timestamp=1668115790.122690928s
1ff44905-ad17-4953-b055-0f77443f062c  timestamp=1689779536s
25aea71f-909c-4287-bf81-996a3351d9b9  timestamp=1699037504s
2863a8a9-c906-413e-bfad-af09a3c218d3  timestamp=1668119777.26245448s
2a74af69-2017-42fd-a499-10640b0d143e  timestamp=1699037504s
33c716c5-9edf-4efb-bde4-7f39237c3a74  timestamp=1689779536s
344b435b-a2fa-4959-8686-e62875473b4e  timestamp=1699037504s
34c67f35-6652-43ca-acd1-f4ae856f2693  timestamp=1689779536s
34ed839f-dc21-4cbc-a200-058ab470879a  timestamp=1668124316.413166667s
3845143e-c0d8-4991-9f84-e0d6e0342c98  timestamp=1689779536s
38b3b16e-28f3-4805-94dd-2ab7cade769f  timestamp=1689779536s
3a45677f-d823-4bc2-9083-ac722b7276c8  timestamp=1668115727.315042413s
3f1706eb-b1d2-47ed-83bd-1370a3d4ae95  timestamp=1668120289.491193456s
426603d5-e2e2-4bc5-9610-b984dd1584af  timestamp=1668119552.854172796s
434d22fc-c8fd-47bd-81a2-7d1727be9906  timestamp=1699037504s
48e49d7d-c7ac-4b00-b244-deefe07049c8  timestamp=1689779536s
495e93af-84fa-4381-aa69-5023480eae15  timestamp=1699037504s
4c384795-ba26-4846-ac05-fa17319a279c  timestamp=1699037504s
4caa63f0-6d5f-4b8f-adfc-b75ced757823  timestamp=1668124497.607164527s
56b0f95a-7a1d-4a0d-ad07-f5e5e2e4d178  timestamp=1689779536s
57a2f980-d9c7-4465-9353-99e6ee7ca3bf  timestamp=1689779536s
5882c3c3-0fa0-48da-b178-aa527e15017a  timestamp=1668120706s
5c9ae899-3494-4a9f-8412-500fe7041dd0  timestamp=1699037504s
5d94bedc-0e89-49a3-8daa-1b54dff07025  timestamp=1668124525.251444258s
60bdb472-273c-449f-9518-38ab88457a26  timestamp=1653096490.728996007s
64652406-fd53-4b91-8f55-851e04ff7a0e  timestamp=1699037504s
67592d8b-80e4-43fd-8812-5c59610e293b  timestamp=1668120473.864254763s
69953a5d-e786-4daf-ae51-b8881626491b  timestamp=1699037504s
6a02837e-e41b-4a09-a668-f90092e814b4  timestamp=1699037504s
6a111cbc-6774-42d4-a211-0adcee4d7e5c  timestamp=1699037504s
6da52e26-172e-4e3d-81a2-b4c0d0d2c574  timestamp=1699037504s
6f877ccb-92ad-46cd-9745-dba9c522c1eb  timestamp=1699037504s
7240658d-982b-4c84-abf5-3fcdd9269ea2  timestamp=1668120706s
782d0244-8d4d-4d12-b5d5-85031381827d  timestamp=1699037504s
7ade5a8a-75d4-4839-a909-3417257b15bb  timestamp=1668124128.881643307s
7c7e6e89-729f-4641-823e-d9a263a819ac  timestamp=1699037504s
7e574a8f-6833-4c07-a730-7ab4e06fbead  timestamp=1699037504s
7eaf1cfd-c629-422a-9c57-95726ae64e15  timestamp=1699037504s
80d40b4c-e70d-480c-a90b-721c046d944f  timestamp=1668108055.595577151s
8350a643-a910-4fd9-9f21-a2dd08f0b0b1  timestamp=1668116381.417535964s
857694de-18f8-43bd-953f-62779c23fadf  timestamp=1668119824.987928055s
8687bca1-146f-453a-bda0-349fc608ae9a  timestamp=1699037504s
895893f9-e594-41f4-9ea0-9d1cb57b4477  timestamp=1668115957.793359062s
8a706949-5566-4aa2-b797-b1b5ec77f0c9  timestamp=1699037504s
8b594f5f-9517-458e-81ce-cc8149250d59  timestamp=1699037504s
8cc6c565-bbeb-4d1c-80f6-ff9fa2d9da99  timestamp=1699037504s
8f46760e-6c1c-4931-ad2d-ffd1bc2008cf  timestamp=1699037504s
91003411-5466-4fb1-9d3a-e677734e74b7  timestamp=1699037504s
918ae9aa-46c2-4798-a91d-b2075c8632ac  timestamp=1668115982.878564031s
934a252a-f7be-46d6-b3db-4aa778c49db4  timestamp=1668112187.030872299s
947db4b1-28e3-48eb-bfc3-e7e2146f0e05  timestamp=1689779536s
948d1765-670b-464f-a98d-0cbfa7d9ea36  timestamp=1668182218.966548456s
950852b0-bfc4-4212-b808-fc85d5ae180e  timestamp=1668120315.391531982s
991abc5d-ffcd-4709-97b6-6d5cce2fe8d1  timestamp=1668120264.754271971s
9b4515bb-5567-4834-84bd-ddf896a372d2  timestamp=1689779536s
9ebef0ea-b899-4467-b78c-0d3be704441b  timestamp=1668115754.02797257s
a0282638-b504-47db-ae61-1fe7c7730f3a  timestamp=1668187012s
a7b561c4-0615-452d-a08c-b356dee557a4  timestamp=1699037504s
a7e8b295-1b7b-4189-bd85-9efba2e7ee2f  timestamp=1668123886.68397706s
aa441b30-b9cf-440a-8129-fcf7c4942757  timestamp=1668702304.440991576s
b265a154-d0fc-4193-b215-2e2d0e535e0d  timestamp=1668115672.240067187s
b57eae72-cf98-4951-928a-b22f61b709aa  timestamp=1699037504s
b67707b5-a018-45b7-b6fe-80b2a20fa145  timestamp=1668115897.63552989s
bbc39e8a-59b0-4ea3-82a1-4a3d0f471225  timestamp=1699037504s
bc715e89-a2c7-4d04-9140-609c5727590a  timestamp=1668120407.073433452s
bd8d0be1-08e7-4dfc-8dd6-81ab70776fd6  timestamp=1699037504s
c7a721b4-32fd-4e81-8483-5ea37712dacd  timestamp=1668116721.348252734s
ca0c4dc4-5109-446f-acc0-29d32e76500d  timestamp=1699037504s
cb4b4834-ba81-4b86-8789-047683a31ee6  timestamp=1668115826.169349815s
cc32bdf2-5008-47f2-83f1-fa582cef579a  timestamp=1668187012s
cca01bb3-f34c-4283-8f85-b905542546ec  timestamp=1668112209.821792192s
cd7b9280-671c-46f3-85a3-05d964b76603  timestamp=1668120899.295913178s
ced531a8-77b5-4222-84d9-ff7f5ea89146  timestamp=1699037504s
d23c217f-1344-4a5c-a4ff-3eeb3ec9e575  timestamp=1653096452.146114244s
d91096f7-886c-4a24-a9b5-950a6b83f056  timestamp=1689779536s
d9ef0a06-7211-4911-905b-7542ad790daa  timestamp=1668120610.414667689s
dd5415d4-4da5-4b25-8bb4-588d20e343c8  timestamp=1699037504s
dedd269d-5283-498b-8f6e-1c27d7e68d5d  timestamp=1689779536s
e15640fb-97ba-4150-91c9-1e148f631c39  timestamp=1699037504s
e4c93619-b740-4293-96df-28dbd002fa9d  timestamp=1699037504s
e90b0747-45b1-4d97-8c64-ab6d5f0a6421  timestamp=1668115690.103214529s
ea5d686e-edb6-4f57-9453-641ab6bac54d  timestamp=1668116217.597617347s
ef700c2b-e2b2-47b1-a4e9-c2a4d202b942  timestamp=1699037504s
f006a964-d0be-41cf-9cde-33f73a9d5d4a  timestamp=1668120158.803593272s
f185221c-fc90-4044-9e03-4f7777f862d5  timestamp=1668124341.055435814s
f9382e1b-530d-46bb-894a-7cf0da27d5de  timestamp=1699037504s
fa9ebc6e-c4d0-41aa-8904-d6974858ea85  timestamp=1699037504s
fc821ef8-8f2d-4510-8e4e-a0264f1f6e76  timestamp=1699037504s
fe6c73b6-caf5-4d6a-81eb-aca6242a3e42  timestamp=1668124102.971107084s
