03509143-6a6b-401f-8acd-d019c1a8e58f archive-id=66738676-1d20-11ea-9a9e-3ea8d101da1a autoenable=false encryption=none externaltype=ora name=ria-narval-storage type=external url=ria+ssh://narval.computecanada.ca/project/def-pbellec/ria-narval timestamp=1648818652.787630886s
60bdb472-273c-449f-9518-38ab88457a26 autoenable=true bucket=cneuromod.friends.stimuli chunk=1GiB datacenter=US encryption=none exporttree=no host=s3.unf-montreal.ca name=s3unf.cneuromod.friends.stimuli port=443 protocol=https requeststyle=path storageclass=STANDARD type=S3 timestamp=1607445405.689410177s
a20c3a61-a2e6-4e9c-bd36-8aacb5dcd262 autoenable=false bucket=cneuromod.friends.mri.sensitive chunk=1GiB datacenter=US encryption=none exporttree=no host=s3.unf-montreal.ca name=s3unf.cneuromod.friends.mri.sensitive port=443 protocol=https requeststyle=path storageclass=STANDARD type=S3 timestamp=1655734868.871588459s
a20c3a61-a2e6-4e9c-bd36-8aacb5dcd262 autoenable=true bucket=cneuromod.friends.mri.sensitive chunk=1GiB datacenter=US encryption=none exporttree=no host=s3.unf-montreal.ca name=s3unf.cneuromod.friends.mri.sensitive port=443 protocol=https requeststyle=path storageclass=STANDARD type=S3 timestamp=1595640509.860614s
aa441b30-b9cf-440a-8129-fcf7c4942757 archive-id=66738676-1d20-11ea-9a9e-3ea8d101da1a autoenable=true encryption=none externaltype=ora name=ria-narval-storage type=external url=ria+file:///project/def-pbellec/ria-narval timestamp=1614720911s
aed56472-9ddc-4b0f-bb76-63dafac73ef9 archive-id=66738676-1d20-11ea-9a9e-3ea8d101da1a autoenable=false encryption=none externaltype=ora name=ria-beluga-storage type=external url=ria+file:///lustre03/project/rrg-pbellec/ria-beluga timestamp=1659100693.819301469s
aed56472-9ddc-4b0f-bb76-63dafac73ef9 archive-id=66738676-1d20-11ea-9a9e-3ea8d101da1a autoenable=true encryption=none externaltype=ora name=ria-beluga-storage type=external url=ria+ssh://beluga.computecanada.ca/lustre03/project/rrg-pbellec/ria-beluga timestamp=1654272951.202088466s
caef6d09-2840-417e-850f-afc7fd1ff9ad archive-id=66738676-1d20-11ea-9a9e-3ea8d101da1a autoenable=true encryption=none externaltype=ora name=ria-sequoia-storage type=external url=ria+file:///data/neuromod/ria-sequoia timestamp=1653502487s
caef6d09-2840-417e-850f-afc7fd1ff9ad archive-id=66738676-1d20-11ea-9a9e-3ea8d101da1a autoenable=true encryption=none externaltype=ora name=ria-sequoia-storage type=external url=ria+file:///data/neuromod/ria-sequoia timestamp=1668112167.194501372s
caef6d09-2840-417e-850f-afc7fd1ff9ad archive-id=66738676-1d20-11ea-9a9e-3ea8d101da1a autoenable=true encryption=none externaltype=ora name=ria-sequoia-storage type=external url=ria+file:///data/neuromod/ria-sequoia timestamp=1668112185.867643504s
caef6d09-2840-417e-850f-afc7fd1ff9ad archive-id=66738676-1d20-11ea-9a9e-3ea8d101da1a autoenable=true encryption=none externaltype=ora name=ria-sequoia-storage type=external url=ria+file:///data/neuromod/ria-sequoia timestamp=1668112208.777373751s
caef6d09-2840-417e-850f-afc7fd1ff9ad archive-id=66738676-1d20-11ea-9a9e-3ea8d101da1a autoenable=true encryption=none externaltype=ora name=ria-sequoia-storage type=external url=ria+file:///data/neuromod/ria-sequoia timestamp=1668115671.101750912s
caef6d09-2840-417e-850f-afc7fd1ff9ad archive-id=66738676-1d20-11ea-9a9e-3ea8d101da1a autoenable=true encryption=none externaltype=ora name=ria-sequoia-storage type=external url=ria+file:///data/neuromod/ria-sequoia timestamp=1668115688.94421411s
caef6d09-2840-417e-850f-afc7fd1ff9ad archive-id=66738676-1d20-11ea-9a9e-3ea8d101da1a autoenable=true encryption=none externaltype=ora name=ria-sequoia-storage type=external url=ria+file:///data/neuromod/ria-sequoia timestamp=1668115726.217597734s
caef6d09-2840-417e-850f-afc7fd1ff9ad archive-id=66738676-1d20-11ea-9a9e-3ea8d101da1a autoenable=true encryption=none externaltype=ora name=ria-sequoia-storage type=external url=ria+file:///data/neuromod/ria-sequoia timestamp=1668115749.657442184s
caef6d09-2840-417e-850f-afc7fd1ff9ad archive-id=66738676-1d20-11ea-9a9e-3ea8d101da1a autoenable=true encryption=none externaltype=ora name=ria-sequoia-storage type=external url=ria+file:///data/neuromod/ria-sequoia timestamp=1668115785.515249602s
caef6d09-2840-417e-850f-afc7fd1ff9ad archive-id=66738676-1d20-11ea-9a9e-3ea8d101da1a autoenable=true encryption=none externaltype=ora name=ria-sequoia-storage type=external url=ria+file:///data/neuromod/ria-sequoia timestamp=1668115822.43257653s
caef6d09-2840-417e-850f-afc7fd1ff9ad archive-id=66738676-1d20-11ea-9a9e-3ea8d101da1a autoenable=true encryption=none externaltype=ora name=ria-sequoia-storage type=external url=ria+file:///data/neuromod/ria-sequoia timestamp=1668115893.390360685s
caef6d09-2840-417e-850f-afc7fd1ff9ad archive-id=66738676-1d20-11ea-9a9e-3ea8d101da1a autoenable=true encryption=none externaltype=ora name=ria-sequoia-storage type=external url=ria+file:///data/neuromod/ria-sequoia timestamp=1668115956.195070018s
caef6d09-2840-417e-850f-afc7fd1ff9ad archive-id=66738676-1d20-11ea-9a9e-3ea8d101da1a autoenable=true encryption=none externaltype=ora name=ria-sequoia-storage type=external url=ria+file:///data/neuromod/ria-sequoia timestamp=1668115981.382077522s
caef6d09-2840-417e-850f-afc7fd1ff9ad archive-id=66738676-1d20-11ea-9a9e-3ea8d101da1a autoenable=true encryption=none externaltype=ora name=ria-sequoia-storage type=external url=ria+file:///data/neuromod/ria-sequoia timestamp=1668116214.753826793s
caef6d09-2840-417e-850f-afc7fd1ff9ad archive-id=66738676-1d20-11ea-9a9e-3ea8d101da1a autoenable=true encryption=none externaltype=ora name=ria-sequoia-storage type=external url=ria+file:///data/neuromod/ria-sequoia timestamp=1668116377.396638935s
caef6d09-2840-417e-850f-afc7fd1ff9ad archive-id=66738676-1d20-11ea-9a9e-3ea8d101da1a autoenable=true encryption=none externaltype=ora name=ria-sequoia-storage type=external url=ria+file:///data/neuromod/ria-sequoia timestamp=1668116719.924605099s
caef6d09-2840-417e-850f-afc7fd1ff9ad archive-id=66738676-1d20-11ea-9a9e-3ea8d101da1a autoenable=true encryption=none externaltype=ora name=ria-sequoia-storage type=external url=ria+file:///data/neuromod/ria-sequoia timestamp=1668119551.263549421s
caef6d09-2840-417e-850f-afc7fd1ff9ad archive-id=66738676-1d20-11ea-9a9e-3ea8d101da1a autoenable=true encryption=none externaltype=ora name=ria-sequoia-storage type=external url=ria+file:///data/neuromod/ria-sequoia timestamp=1668119775.726128066s
caef6d09-2840-417e-850f-afc7fd1ff9ad archive-id=66738676-1d20-11ea-9a9e-3ea8d101da1a autoenable=true encryption=none externaltype=ora name=ria-sequoia-storage type=external url=ria+file:///data/neuromod/ria-sequoia timestamp=1668119823.49110585s
caef6d09-2840-417e-850f-afc7fd1ff9ad archive-id=66738676-1d20-11ea-9a9e-3ea8d101da1a autoenable=true encryption=none externaltype=ora name=ria-sequoia-storage type=external url=ria+file:///data/neuromod/ria-sequoia timestamp=1668120157.352138237s
caef6d09-2840-417e-850f-afc7fd1ff9ad archive-id=66738676-1d20-11ea-9a9e-3ea8d101da1a autoenable=true encryption=none externaltype=ora name=ria-sequoia-storage type=external url=ria+file:///data/neuromod/ria-sequoia timestamp=1668120313.782359289s
caef6d09-2840-417e-850f-afc7fd1ff9ad archive-id=66738676-1d20-11ea-9a9e-3ea8d101da1a autoenable=true encryption=none externaltype=ora name=ria-sequoia-storage type=external url=ria+file:///data/neuromod/ria-sequoia timestamp=1668120404.446770782s
d23c217f-1344-4a5c-a4ff-3eeb3ec9e575 autoenable=true bucket=cneuromod.friends.derivatives chunk=1GiB datacenter=US encryption=none exporttree=no host=s3.unf-montreal.ca name=s3unf.cneuromod.friends.derivatives port=443 protocol=https requeststyle=path storageclass=STANDARD type=S3 timestamp=1583335071.639716609s
f596c8b6-fc73-4ec3-b4c9-a920e84f8174 autoenable=true bucket=cneuromod.friends.mri chunk=1GiB datacenter=US encryption=none host=s3.unf-montreal.ca name=s3unf.cneuromod.friends.mri port=443 protocol=https requeststyle=path storageclass=STANDARD type=S3 timestamp=1582919250.018307s
