0153075d-092e-4490-85b3-7fbfb7f17dc9 X timestamp=1699037504s
03509143-6a6b-401f-8acd-d019c1a8e58f X timestamp=1668115730.215992448s
06f83fee-8297-4201-a065-c65d67da7a24 X timestamp=1689779536s
109f8fdb-12c4-4ad4-9aac-c3080f15904f X timestamp=1699037504s
123d7618-4d99-4821-a637-b6c52f420109 X timestamp=1689779536s
15a84443-ceed-4632-84c0-74a953611c9f X timestamp=1668120439.113212951s
18240e34-8b97-4b98-b99d-aeb3a28b6729 X timestamp=1668112168.066800017s
19ab1517-afc0-4594-a62f-1d6d7c6a8234 X timestamp=1689779536s
1daebe0e-0463-414c-96c2-4c0851641f11 X timestamp=1668115788.879099153s
1ff44905-ad17-4953-b055-0f77443f062c X timestamp=1689779536s
25aea71f-909c-4287-bf81-996a3351d9b9 X timestamp=1699037504s
2863a8a9-c906-413e-bfad-af09a3c218d3 X timestamp=1668119777.030664544s
33c716c5-9edf-4efb-bde4-7f39237c3a74 X timestamp=1689779536s
34c67f35-6652-43ca-acd1-f4ae856f2693 X timestamp=1689779536s
34ed839f-dc21-4cbc-a200-058ab470879a X timestamp=1668124316.167839389s
3845143e-c0d8-4991-9f84-e0d6e0342c98 X timestamp=1689779536s
38b3b16e-28f3-4805-94dd-2ab7cade769f X timestamp=1689779536s
3a45677f-d823-4bc2-9083-ac722b7276c8 X timestamp=1668115727.110964069s
3f1706eb-b1d2-47ed-83bd-1370a3d4ae95 X timestamp=1668120289.276346317s
426603d5-e2e2-4bc5-9610-b984dd1584af X timestamp=1668119552.635519805s
48e49d7d-c7ac-4b00-b244-deefe07049c8 X timestamp=1689779536s
4caa63f0-6d5f-4b8f-adfc-b75ced757823 X timestamp=1668124497.39334304s
56b0f95a-7a1d-4a0d-ad07-f5e5e2e4d178 X timestamp=1689779536s
57a2f980-d9c7-4465-9353-99e6ee7ca3bf X timestamp=1689779536s
5882c3c3-0fa0-48da-b178-aa527e15017a X timestamp=1668120706s
5d94bedc-0e89-49a3-8daa-1b54dff07025 X timestamp=1668124525.006345772s
60bdb472-273c-449f-9518-38ab88457a26 X timestamp=1653096490.710017079s
67592d8b-80e4-43fd-8812-5c59610e293b X timestamp=1668120471.602591118s
69953a5d-e786-4daf-ae51-b8881626491b X timestamp=1699037504s
6da52e26-172e-4e3d-81a2-b4c0d0d2c574 X timestamp=1699037504s
7240658d-982b-4c84-abf5-3fcdd9269ea2 X timestamp=1668120706s
7ade5a8a-75d4-4839-a909-3417257b15bb X timestamp=1668124128.652900984s
80d40b4c-e70d-480c-a90b-721c046d944f X timestamp=1668108055.18347151s
8350a643-a910-4fd9-9f21-a2dd08f0b0b1 X timestamp=1668116380.453321644s
857694de-18f8-43bd-953f-62779c23fadf X timestamp=1668119824.770982202s
895893f9-e594-41f4-9ea0-9d1cb57b4477 X timestamp=1668115957.368772974s
8f46760e-6c1c-4931-ad2d-ffd1bc2008cf X timestamp=1699037504s
918ae9aa-46c2-4798-a91d-b2075c8632ac X timestamp=1668115982.469740127s
934a252a-f7be-46d6-b3db-4aa778c49db4 X timestamp=1668112186.825080525s
947db4b1-28e3-48eb-bfc3-e7e2146f0e05 X timestamp=1689779536s
948d1765-670b-464f-a98d-0cbfa7d9ea36 X timestamp=1668182218.744447637s
950852b0-bfc4-4212-b808-fc85d5ae180e X timestamp=1668120315.169813269s
991abc5d-ffcd-4709-97b6-6d5cce2fe8d1 X timestamp=1668120264.52142704s
9b4515bb-5567-4834-84bd-ddf896a372d2 X timestamp=1689779536s
9ebef0ea-b899-4467-b78c-0d3be704441b X timestamp=1668115753.021182717s
a0282638-b504-47db-ae61-1fe7c7730f3a X timestamp=1668187012s
a7e8b295-1b7b-4189-bd85-9efba2e7ee2f X timestamp=1668123886.474949933s
aa441b30-b9cf-440a-8129-fcf7c4942757 X timestamp=1668702304.370410188s
b265a154-d0fc-4193-b215-2e2d0e535e0d X timestamp=1668115672.02797722s
b67707b5-a018-45b7-b6fe-80b2a20fa145 X timestamp=1668115896.314362365s
bc715e89-a2c7-4d04-9140-609c5727590a X timestamp=1668120406.436753082s
c7a721b4-32fd-4e81-8483-5ea37712dacd X timestamp=1668116721.146774254s
cb4b4834-ba81-4b86-8789-047683a31ee6 X timestamp=1668115825.012830418s
cc32bdf2-5008-47f2-83f1-fa582cef579a X timestamp=1668187012s
cca01bb3-f34c-4283-8f85-b905542546ec X timestamp=1668112209.612031274s
cd7b9280-671c-46f3-85a3-05d964b76603 X timestamp=1668120899.102438997s
d23c217f-1344-4a5c-a4ff-3eeb3ec9e575 X timestamp=1653096452.09150595s
d91096f7-886c-4a24-a9b5-950a6b83f056 X timestamp=1689779536s
d9ef0a06-7211-4911-905b-7542ad790daa X timestamp=1668120610.188536914s
dedd269d-5283-498b-8f6e-1c27d7e68d5d X timestamp=1689779536s
e15640fb-97ba-4150-91c9-1e148f631c39 X timestamp=1699037504s
e90b0747-45b1-4d97-8c64-ab6d5f0a6421 X timestamp=1668115689.889869141s
ea5d686e-edb6-4f57-9453-641ab6bac54d X timestamp=1668116217.367830781s
f006a964-d0be-41cf-9cde-33f73a9d5d4a X timestamp=1668120158.607762243s
f185221c-fc90-4044-9e03-4f7777f862d5 X timestamp=1668124340.832270043s
fa9ebc6e-c4d0-41aa-8904-d6974858ea85 X timestamp=1699037504s
fe6c73b6-caf5-4d6a-81eb-aca6242a3e42 X timestamp=1668124102.746831577s
