0d91cda4-beff-47ea-9764-d53a9ee39bdd bpinsard@blg6139.int.ets1.calculquebec.ca:/localscratch/bpinsard.26597987.0/fmriprep_studythings_sub02_ses16.job timestamp=1634531305.5373461s
112f48e9-be59-4be7-ab80-b1a76273eda0 bpinsard@blg8418.int.ets1.calculquebec.ca:/localscratch/bpinsard.26597970.0/fmriprep_studythings_sub01_ses22.job timestamp=1634530960.264746333s
1a373d80-b766-4929-acb7-78499c37c566 bpinsard@blg8253.int.ets1.calculquebec.ca:/localscratch/bpinsard.26659495.0/fmriprep_studythings_sub03_ses15.job timestamp=1634610059.750593381s
1e28a54c-a94d-4a36-8156-1225ac0e685c bpinsard@blg7140.int.ets1.calculquebec.ca:/localscratch/bpinsard.26659501.0/fmriprep_studythings_sub06_ses01.job timestamp=1634610250.245623024s
2019fa19-239a-4dc6-9d26-425811767663 bpinsard@blg8138.int.ets1.calculquebec.ca:/localscratch/bpinsard.26593491.0/fmriprep_studythings_sub01_ses01.job timestamp=1634517221.185424234s
22160fd5-e0ae-4923-a093-011c928509cb bpinsard@blg5511.int.ets1.calculquebec.ca:/localscratch/bpinsard.26597962.0/fmriprep_studythings_sub01_ses14.job timestamp=1634530605.088233581s
23a989e4-f14b-4b93-98ea-5b578b11383b bpinsard@blg8647.int.ets1.calculquebec.ca:/localscratch/bpinsard.26597982.0/fmriprep_studythings_sub02_ses11.job timestamp=1634531286.670731634s
278666f6-73d2-4eee-b007-da1402ea6559 bpinsard@blg8229.int.ets1.calculquebec.ca:/localscratch/bpinsard.26659494.0/fmriprep_studythings_sub03_ses14.job timestamp=1634610026.052657414s
2986eee6-b3b6-48e4-8344-13e7c168b6dc bpinsard@blg5112.int.ets1.calculquebec.ca:/localscratch/bpinsard.26597975.0/fmriprep_studythings_sub02_ses05.job timestamp=1634530947.325351328s
2b6ef11a-5301-4771-94a5-64100ca47606 bpinsard@blg8216.int.ets1.calculquebec.ca:/localscratch/bpinsard.26597973.0/fmriprep_studythings_sub02_ses03.job timestamp=1634530967.090958518s
2de6bc7e-8458-4ae3-aba8-5dae415d52f0 bpinsard@blg8410.int.ets1.calculquebec.ca:/localscratch/bpinsard.26659483.0/fmriprep_studythings_sub03_ses03.job timestamp=1634609730.838169098s
3586d3d3-8813-4ba9-b8c7-99d2d5b9f40f bpinsard@blg4718.int.ets1.calculquebec.ca:/localscratch/bpinsard.26659487.0/fmriprep_studythings_sub03_ses07.job timestamp=1634609125.591882889s
36d961a1-a72f-484e-a5fd-1b79674fdc43 bpinsard@blg8523.int.ets1.calculquebec.ca:/localscratch/bpinsard.26659502.0/fmriprep_studythings_sub06_ses02.job timestamp=1634610280.065759342s
3c0e254e-cccc-4295-9add-da66373fad6a bpinsard@blg4215.int.ets1.calculquebec.ca:/localscratch/bpinsard.26659496.0/fmriprep_studythings_sub03_ses16.job timestamp=1634610092.389935366s
3dd94665-6aa2-4dc1-970c-f2140caada0c bpinsard@blg8622.int.ets1.calculquebec.ca:/localscratch/bpinsard.26597977.0/fmriprep_studythings_sub02_ses07.job timestamp=1634531311.313568186s
40e8d979-ad9a-46fe-aead-3c045fda7627 bpinsard@blg8212.int.ets1.calculquebec.ca:/localscratch/bpinsard.26597950.0/fmriprep_studythings_sub01_ses02.job timestamp=1634529873.87853532s
4134502a-1086-4d51-a6b9-f8e26cbd0a22 bpinsard@blg7517.int.ets1.calculquebec.ca:/localscratch/bpinsard.26597991.0/fmriprep_studythings_sub02_ses20.job timestamp=1634531697.347317509s
445623d3-551e-4173-b48d-c6d1b1100fdd bpinsard@blg8416.int.ets1.calculquebec.ca:/localscratch/bpinsard.26597979.0/fmriprep_studythings_sub02_ses08.job timestamp=1634531270.259096281s
4611d722-a14b-493e-86ce-52df3c292aca bpinsard@blg5511.int.ets1.calculquebec.ca:/localscratch/bpinsard.26597983.0/fmriprep_studythings_sub02_ses12.job timestamp=1634531280.4512541s
48837755-0826-4886-8a0f-f0509d8e5797 bpinsard@blg9416.int.ets1.calculquebec.ca:/localscratch/bpinsard.26597957.0/fmriprep_studythings_sub01_ses09.job timestamp=1634530229.622065311s
4a710f0a-691c-48b7-83ca-2f966332985e bpinsard@blg7135.int.ets1.calculquebec.ca:/localscratch/bpinsard.26659490.0/fmriprep_studythings_sub03_ses10.job timestamp=1634609479.78296817s
4c38638c-4066-4773-bc7b-b42d71dfc1a9 bpinsard@blg8424.int.ets1.calculquebec.ca:/localscratch/bpinsard.26597980.0/fmriprep_studythings_sub02_ses09.job timestamp=1634531275.851933294s
5323a1b1-03f3-4c67-9684-d72aaa7aa171 bpinsard@blg7516.int.ets1.calculquebec.ca:/localscratch/bpinsard.26659499.0/fmriprep_studythings_sub03_ses19.job timestamp=1634610153.677110222s
59ab7866-acf5-44ab-8314-98ff00009416 bpinsard@blg4619.int.ets1.calculquebec.ca:/localscratch/bpinsard.26597989.0/fmriprep_studythings_sub02_ses18.job timestamp=1634531718.484450426s
5b863356-69eb-4cf3-b1f9-f4c6e2afec9c bpinsard@blg4718.int.ets1.calculquebec.ca:/localscratch/bpinsard.26597990.0/fmriprep_studythings_sub02_ses19.job timestamp=1634531686.608030331s
5b8df6f1-39c2-4ade-9068-99f0af789dba bpinsard@blg8112.int.ets1.calculquebec.ca:/localscratch/bpinsard.26597961.0/fmriprep_studythings_sub01_ses13.job timestamp=1634530609.90720355s
5b929368-c71c-4939-a57a-46ff2b28f2de bpinsard@blg7240.int.ets1.calculquebec.ca:/localscratch/bpinsard.26659493.0/fmriprep_studythings_sub03_ses13.job timestamp=1634609911.716767137s
5e655686-5a2f-4a65-aba7-ed5d1f4dbf55 bpinsard@blg8117.int.ets1.calculquebec.ca:/localscratch/bpinsard.26597994.0/fmriprep_studythings_sub02_ses23.job timestamp=1634531711.251739901s
68c12788-56b3-46b7-9627-0ed165078f8f bpinsard@blg4710.int.ets1.calculquebec.ca:/localscratch/bpinsard.26659486.0/fmriprep_studythings_sub03_ses06.job timestamp=1634609351.737330658s
6a1ad029-ad70-42ac-be0b-8ced9f79f327 bpinsard@blg7234.int.ets1.calculquebec.ca:/localscratch/bpinsard.26659482.0/fmriprep_studythings_sub03_ses02.job timestamp=1634609644.38473061s
6c355e16-ebf9-4194-a69b-b2e80bb60aa3 bpinsard@blg5112.int.ets1.calculquebec.ca:/localscratch/bpinsard.26597963.0/fmriprep_studythings_sub01_ses15.job timestamp=1634530642.842977446s
6f6542e2-0517-4bca-8847-872e33ce174b bpinsard@blg5213.int.ets1.calculquebec.ca:/localscratch/bpinsard.26659481.0/fmriprep_studythings_sub03_ses01.job timestamp=1634608639.757813299s
7e0c9863-a5f1-4cea-bce3-9228ca8ed966 bpinsard@blg8621.int.ets1.calculquebec.ca:/localscratch/bpinsard.26597958.0/fmriprep_studythings_sub01_ses10.job timestamp=1634530636.419893155s
7eaef55e-0c82-4e65-845c-7236408a7ebe bpinsard@blg6137.int.ets1.calculquebec.ca:/localscratch/bpinsard.26597986.0/fmriprep_studythings_sub02_ses15.job timestamp=1634531299.579640127s
80ac4bf8-0806-4983-834d-1ffee4cf6edd bpinsard@blg8136.int.ets1.calculquebec.ca:/localscratch/bpinsard.26597974.0/fmriprep_studythings_sub02_ses04.job timestamp=1634530924.81625361s
81bf2b3f-ee88-4f95-b378-7ec1ac899631 bpinsard@blg8411.int.ets1.calculquebec.ca:/localscratch/bpinsard.26659504.0/fmriprep_studythings_sub06_ses04.job timestamp=1634610374.36111937s
84665d31-a6b9-4f40-89c5-3ccebec746d8 bpinsard@blg8225.int.ets1.calculquebec.ca:/localscratch/bpinsard.26597952.0/fmriprep_studythings_sub01_ses04.job timestamp=1634530235.606278471s
8b9fd2d4-bccb-418f-83ee-1a451ecc4d6f bpinsard@blg8112.int.ets1.calculquebec.ca:/localscratch/bpinsard.26597960.0/fmriprep_studythings_sub01_ses12.job timestamp=1634530597.393520428s
8e0dda16-84aa-4011-91b1-2ac642527242 bpinsard@blg7535.int.ets1.calculquebec.ca:/localscratch/bpinsard.26597953.0/fmriprep_studythings_sub01_ses05.job timestamp=1634529893.363217389s
9164db4f-ccd2-4f0b-886f-2b7bc6fc4e1a bpinsard@blg5316.int.ets1.calculquebec.ca:/localscratch/bpinsard.26597951.0/fmriprep_studythings_sub01_ses03.job timestamp=1634529881.726552656s
9a44ef30-e6df-43bc-8626-e9343d044911 bpinsard@blg8217.int.ets1.calculquebec.ca:/localscratch/bpinsard.26659492.0/fmriprep_studythings_sub03_ses12.job timestamp=1634609978.586917673s
9b56cc66-98fd-4562-8413-5cf662563a1e bpinsard@blg4620.int.ets1.calculquebec.ca:/localscratch/bpinsard.26659485.0/fmriprep_studythings_sub03_ses05.job timestamp=1634608970.792319687s
9d7f929f-6d01-4628-9432-dc6a052fd5ba bpinsard@blg8412.int.ets1.calculquebec.ca:/localscratch/bpinsard.26597969.0/fmriprep_studythings_sub01_ses21.job timestamp=1634530931.004678309s
9e0bf9b8-c00e-4558-837a-82b81af467be bpinsard@blg4518.int.ets1.calculquebec.ca:/localscratch/bpinsard.26597976.0/fmriprep_studythings_sub02_ses06.job timestamp=1634530954.268250815s
9f1856ee-9dfe-4f47-b653-f2af40330fb8 bpinsard@blg7247.int.ets1.calculquebec.ca:/localscratch/bpinsard.26597966.0/fmriprep_studythings_sub01_ses18.job timestamp=1634530616.719045687s
a5ec18a1-64e8-4a06-87a4-0788103ff3ca bpinsard@blg4618.int.ets1.calculquebec.ca:/localscratch/bpinsard.26659484.0/fmriprep_studythings_sub03_ses04.job timestamp=1634609272.414411876s
b4cb695d-7b98-48b1-9a77-5b654a8885a5 bpinsard@blg8624.int.ets1.calculquebec.ca:/localscratch/bpinsard.26597959.0/fmriprep_studythings_sub01_ses11.job timestamp=1634530591.419360944s
b6c751c4-b646-4e70-9632-7f49ab7310cb bpinsard@blg8323.int.ets1.calculquebec.ca:/localscratch/bpinsard.26597984.0/fmriprep_studythings_sub02_ses13.job timestamp=1634531680.531483204s
bb31391b-38f5-4f42-a2e2-9f9553f09ef2 bpinsard@blg4512.int.ets1.calculquebec.ca:/localscratch/bpinsard.26597964.0/fmriprep_studythings_sub01_ses16.job timestamp=1634530623.687095223s
bf103c59-fe09-4792-9522-08efc9f1ab00 bpinsard@blg7129.int.ets1.calculquebec.ca:/localscratch/bpinsard.26659489.0/fmriprep_studythings_sub03_ses09.job timestamp=1634609563.851121868s
c949139d-6c18-4545-9225-ba2e5519e28b bpinsard@blg7533.int.ets1.calculquebec.ca:/localscratch/bpinsard.26597955.0/fmriprep_studythings_sub01_ses07.job timestamp=1634530222.752441206s
cc0bd0af-1811-44ac-b1c6-f793f5b8e707 bpinsard@blg8419.int.ets1.calculquebec.ca:/localscratch/bpinsard.26597971.0/fmriprep_studythings_sub02_ses01.job timestamp=1634530979.211052729s
cca1698e-4a6f-4ea0-8425-f6245bba5488 bpinsard@blg7214.int.ets1.calculquebec.ca:/localscratch/bpinsard.26597988.0/fmriprep_studythings_sub02_ses17.job timestamp=1634531659.611840893s
d0dbf934-6b90-4983-9e8f-0dd054f22b74 bpinsard@blg7126.int.ets1.calculquebec.ca:/localscratch/bpinsard.26659488.0/fmriprep_studythings_sub03_ses08.job timestamp=1634609421.47128401s
d56a2a28-aef6-4a80-b930-e76af4dfcd93 bpinsard@blg8446.int.ets1.calculquebec.ca:/localscratch/bpinsard.26597965.0/fmriprep_studythings_sub01_ses17.job timestamp=1634530942.559377382s
d6f3680e-08bc-48b3-9cc8-4512cd39bf31 bpinsard@blg8635.int.ets1.calculquebec.ca:/localscratch/bpinsard.26597981.0/fmriprep_studythings_sub02_ses10.job timestamp=1634531317.502102158s
d70fb7c7-021d-47e4-a735-a592a5c6f768 bpinsard@blg8612.int.ets1.calculquebec.ca:/localscratch/bpinsard.26597968.0/fmriprep_studythings_sub01_ses20.job timestamp=1634530973.17982893s
d8173254-367e-4c3f-a44c-efe866c3c0db bpinsard@blg8423.int.ets1.calculquebec.ca:/localscratch/bpinsard.26597972.0/fmriprep_studythings_sub02_ses02.job timestamp=1634530936.722152774s
dad2da99-aa28-4fcb-b708-53e00ca13b7e bpinsard@blg8528.int.ets1.calculquebec.ca:/localscratch/bpinsard.26659491.0/fmriprep_studythings_sub03_ses11.job timestamp=1634609827.159767692s
df4b73a3-77a2-46d3-bfd1-94905f55edd3 bpinsard@blg4513.int.ets1.calculquebec.ca:/localscratch/bpinsard.26597985.0/fmriprep_studythings_sub02_ses14.job timestamp=1634531292.691477251s
e137b69d-1ed4-4cc6-94b0-da28803845bf bpinsard@blg7535.int.ets1.calculquebec.ca:/localscratch/bpinsard.26597992.0/fmriprep_studythings_sub02_ses21.job timestamp=1634531691.360857058s
e6f9cde3-3186-4a1b-ad69-84bc12157c8f bpinsard@beluga1.int.ets1.calculquebec.ca:/lustre03/project/6003287/datasets/cneuromod_processed/fmriprep/things timestamp=1633571833.569556239s
e913b825-e4ed-46a0-8fc3-fd8d06785d3a bpinsard@blg4211.int.ets1.calculquebec.ca:/localscratch/bpinsard.26597954.0/fmriprep_studythings_sub01_ses06.job timestamp=1634530242.466693736s
ebbf63e9-3f9e-4ed6-9bfd-c8b1a297f7ae bpinsard@blg8225.int.ets1.calculquebec.ca:/localscratch/bpinsard.26659505.0/fmriprep_studythings_sub06_ses05.job timestamp=1634610340.982708602s
f3af2a4c-9a65-42b9-9572-2b76f28abff6 bpinsard@blg7214.int.ets1.calculquebec.ca:/localscratch/bpinsard.26597967.0/fmriprep_studythings_sub01_ses19.job timestamp=1634530630.537913058s
f480d05b-43ed-43dd-ab06-c3f33b0edcd2 bpinsard@blg4219.int.ets1.calculquebec.ca:/localscratch/bpinsard.26659497.0/fmriprep_studythings_sub03_ses17.job timestamp=1634610121.159739814s
f976ca55-c010-4e3e-8d7a-f40cc7229a2f bpinsard@blg8115.int.ets1.calculquebec.ca:/localscratch/bpinsard.26597993.0/fmriprep_studythings_sub02_ses22.job timestamp=1634531704.763579163s
ffa91470-1093-4de5-823a-24dd9a49f70b bpinsard@blg7246.int.ets1.calculquebec.ca:/localscratch/bpinsard.26597956.0/fmriprep_studythings_sub01_ses08.job timestamp=1634530249.013621017s
