1655742619.803237631s 1 043614ba-f7f8-46d2-bb00-40a69b7ea3ba
1649690315.041546505s 1 06d5a88a-c4dd-4ad5-9b7b-35e7853d01b1
1668870245.544080392s 1 0a5d11eb-1b04-46cc-a0aa-6b9a3d667eff
1649705330.708335832s 1 0ed6b561-8e3f-4697-b2b1-7a58d4ed08af
1649697640.204915242s 1 1688d1df-50f3-441f-887b-63e01becf3ce
1649690300.396871591s 1 201abd8f-bd49-40fe-8628-5dc913caa86b
1653714560.238295736s 1 24b6daaa-fd1f-469e-a425-8fc5a1dbe830
1649701732.71230345s 1 24f29b97-8eab-49bf-86b2-e25aa3e09fee
1648963443.73601516s 1 27c1337d-62a0-4ed5-970d-6d39132765b1
1649706312.332306333s 1 2871ad17-99e5-46ea-b41f-945d2da560ae
1668787422.023672384s 1 32ab7f7a-2824-41ce-bf35-8f92a186bcd6
1648959825.658179984s 1 367aac8d-7d1f-4bac-b2c7-21ab81e5067d
1668883808.460285728s 1 37913e01-8be3-40d4-8798-52ca2a338755
1668744815.097193027s 1 3f4ad370-2b93-40b0-becb-922bcb208556
1668746160.042824935s 1 44623642-2e55-484a-8ea2-2b2146a55fc1
1668865238.239546164s 1 4b07bc67-cf48-44a9-9afe-9480065cee1c
1668888005.745898085s 1 58e1dd76-2f1a-496d-9859-0d41320340c1
1648957717.519756195s 1 5cee17c1-3da0-49d4-8fc0-25cb5ea437d3
1668810057.663098879s 1 639c0c3f-07fb-489b-be82-37cb50579551
1653711144.183530198s 1 6d4289e5-5ddd-4850-8a92-aae885f36afc
1649622282.429159228s 1 6d7edcfd-d410-4f96-9e43-434344add44f
1653711550.908936699s 1 7517508a-eeec-42f6-b088-7411f060de3f
1668889866.606901484s 1 75c31578-38d0-4e06-940d-c9d994bcb813
1648956223.723684566s 1 79371621-9aab-4632-958e-89f45476d88a
1668863896.452806937s 1 7a5bc051-254e-4f72-acbe-e1137dfb7bf7
1668884207.696765649s 1 7dab843b-8e7b-4128-b863-f290464b6428
1649703536.865328842s 1 8067926c-f65d-4f20-ba89-03aac5128022
1648938549.899655875s 1 88b0f03c-1d24-4edb-a4dd-cb8b3b1421a4
1691622885.512717736s 1 8da1ac07-c431-43d3-93bb-5620a4683324
1653714053.704793267s 1 8e3324f0-7889-4bf7-acc9-a4059dc41dc1
1668811239.272882727s 1 8f735693-c5ac-4479-b4d6-25162ccdaf7f
1668885824.358886543s 1 96104b61-5046-49e5-973e-6f91f8f4ad6e
1648958656.477096997s 1 998a60ec-6a31-422d-b631-c7b211aef082
1648955484.424697478s 1 9a87b3b5-cacf-42dc-8769-6fb7762252e9
1648955904.901654321s 1 9c44eb28-30d9-41a2-82c6-919a4f611cac
1668806672.151353946s 1 9fa1a901-9667-425b-ade9-d60d261bff8b
1648954592.591697985s 1 a4b51839-fd99-4fc6-b356-9bce5dbdbec9
1668885930.2888314s 1 a4fd2726-7be0-4a6f-b5ce-faee317eb448
1648954773.490904959s 1 a55b3561-f6b3-4503-a48a-959075ebe0b7
1648938644.550481882s 1 aa1dbf5a-db52-48bd-889b-c7a6b8e4f058
1649696520.778985002s 1 bfa2cf91-7b64-4a08-b559-00351f9008dd
1668886044.984709876s 1 c24a8ebd-e0ae-44c7-a073-b35c19bb848f
1649702789.998800429s 1 c5c3b416-73a6-495b-acd4-e0832399a573
1689174128.843096523s 1 ce44986a-2ddb-4cf9-b06b-7a98ef7c7eae
1649704743.578399061s 1 d2b944f0-4659-4aaa-b899-7068b91e260d
1669418154.634744479s 1 d5147edf-5ccc-4fbf-b427-b76ce8a0374a
1668759107.515444146s 1 d68c00ee-2581-43f4-92fe-25c4c4befc6d
1689254135.986115972s 1 d6d88691-32c4-412f-85f0-6c27a27e669d
1668827556.956351167s 1 d9a69101-d067-439b-bfb5-a05b42991da9
1653715408.957400471s 1 d9ec4b15-8620-463c-b54a-1c6bd3f8e167
1668786458.55744137s 1 db32226e-833b-4fed-b427-bdcd63992bd6
1649691412.521339153s 1 de9edb62-b449-4082-8261-3cce2c8cabe9
1668796935.851713228s 1 df3f1e62-b1bc-493d-84a2-36c234443807
1668881323.654773525s 1 e35529eb-ba10-4f35-be98-4d8322fd6c74
1649622347.445249216s 1 ea48346e-64e3-4fea-8ed6-388a3360e5ab
1668797408.290175069s 1 ee13d136-6190-441e-9d5c-cdda884d2fda
1649698356.750786659s 1 ee510e8b-f982-45a7-9ff6-a6f40a2cd3e6
1668810290.162608329s 1 ef275a45-261f-4efc-9be0-8728686dacfe
1648951527.926869999s 1 f83b3df8-b810-45c2-9c68-c90b847cbba4
1653714010.081492053s 1 feaa5f9c-9834-4fd9-9c98-f2a3b8799a25
