1655742618.898485174s 1 043614ba-f7f8-46d2-bb00-40a69b7ea3ba
1668870245.534381696s 1 0a5d11eb-1b04-46cc-a0aa-6b9a3d667eff
1653714560.232358681s 1 24b6daaa-fd1f-469e-a425-8fc5a1dbe830
1648963443.730491572s 1 27c1337d-62a0-4ed5-970d-6d39132765b1
1668787422.014142092s 1 32ab7f7a-2824-41ce-bf35-8f92a186bcd6
1648959825.652702826s 1 367aac8d-7d1f-4bac-b2c7-21ab81e5067d
1668744815.087394841s 1 3f4ad370-2b93-40b0-becb-922bcb208556
1668746160.033507019s 1 44623642-2e55-484a-8ea2-2b2146a55fc1
1668865238.229857522s 1 4b07bc67-cf48-44a9-9afe-9480065cee1c
1648957717.514165935s 1 5cee17c1-3da0-49d4-8fc0-25cb5ea437d3
1668810057.652906046s 1 639c0c3f-07fb-489b-be82-37cb50579551
1653711144.176963302s 1 6d4289e5-5ddd-4850-8a92-aae885f36afc
1653711550.903270047s 1 7517508a-eeec-42f6-b088-7411f060de3f
1648956223.718824993s 1 79371621-9aab-4632-958e-89f45476d88a
1668863896.442759723s 1 7a5bc051-254e-4f72-acbe-e1137dfb7bf7
1648938549.895154793s 1 88b0f03c-1d24-4edb-a4dd-cb8b3b1421a4
1653714053.697428954s 1 8e3324f0-7889-4bf7-acc9-a4059dc41dc1
1668811239.261870001s 1 8f735693-c5ac-4479-b4d6-25162ccdaf7f
1648958656.470141313s 1 998a60ec-6a31-422d-b631-c7b211aef082
1648955484.418787541s 1 9a87b3b5-cacf-42dc-8769-6fb7762252e9
1648955904.897160856s 1 9c44eb28-30d9-41a2-82c6-919a4f611cac
1668806672.139971794s 1 9fa1a901-9667-425b-ade9-d60d261bff8b
1648954592.587226435s 1 a4b51839-fd99-4fc6-b356-9bce5dbdbec9
1668885930.27902425s 1 a4fd2726-7be0-4a6f-b5ce-faee317eb448
1648954773.485959078s 1 a55b3561-f6b3-4503-a48a-959075ebe0b7
1648938642.734902183s 1 aa1dbf5a-db52-48bd-889b-c7a6b8e4f058
1668759107.505846032s 1 d68c00ee-2581-43f4-92fe-25c4c4befc6d
1668827556.944901283s 1 d9a69101-d067-439b-bfb5-a05b42991da9
1653715408.950071735s 1 d9ec4b15-8620-463c-b54a-1c6bd3f8e167
1668786458.547751703s 1 db32226e-833b-4fed-b427-bdcd63992bd6
1668796935.842227014s 1 df3f1e62-b1bc-493d-84a2-36c234443807
1668797408.276254077s 1 ee13d136-6190-441e-9d5c-cdda884d2fda
1668810290.152429351s 1 ef275a45-261f-4efc-9be0-8728686dacfe
1648951527.922690297s 1 f83b3df8-b810-45c2-9c68-c90b847cbba4
1653714010.073244534s 1 feaa5f9c-9834-4fd9-9c98-f2a3b8799a25
