1635965681.672812208s 1 002ef46b-3d82-4dde-9832-da27393716fc
1635912660.645125741s 1 0105da2d-bb53-47f9-bab1-5715d3ae054d
1635936407.125665496s 1 01245fdc-609a-402a-b54b-618afb905fc3
1635930660.693898094s 1 013f72e0-d93e-4f69-806a-1452c2153ffb
1635919566.210233538s 1 018f05e1-10ab-45c3-8397-cebe8b9af188
1635911383.341037806s 1 01e5882d-f2d7-4e3e-820b-4b5c0e9b0610
1635910877.691841281s 1 02394660-c1a2-431e-ba5f-cc1e55798133
1635921676.729111707s 1 030df449-6bec-4745-ae63-34df95e1ba89
1635918406.855644836s 1 0584c17c-2e60-4893-97fc-e7e8255fd437
1635133518.415401503s 1 063ab66a-ff80-4d19-b61d-8a58cfa4c29a
1635131126.512899039s 1 06ac03b6-5725-4d66-a6ed-0537ff2553be
1635969702.681909565s 1 081a393d-d956-40fc-aee2-14444c06fdf7
1635918500.204369858s 1 08ff40f9-7823-4b47-b3a4-1b94d02fe967
1635966022.855325511s 1 0ac3de95-09d7-4845-ad4e-79a6e53a2c12
1635921261.91409012s 1 0e32c19b-b5dc-49b4-b4c9-934d3e121f74
1635913488.226902966s 1 0e4140b1-9613-4c30-a8db-8201559e7e54
1635129106.222379072s 1 0fe3eee1-83db-4547-b40f-74a1434186a9
1635931544.785812837s 1 1060fe4a-e597-43c1-842d-bef262a14133
1635925143.095418796s 1 10d2c395-2fc5-4454-9e1c-cfe0aecb30d7
1635908371.264545468s 1 11253bcf-71a0-45db-ba8e-9b859dc3ea42
1635131598.438223313s 1 11b0ab93-a987-42b0-b340-313febf80504
1635922325.10355587s 1 1254c20b-e0f2-4957-8ca3-b92bc346ee76
1635919945.78073952s 1 12ca91b3-6ea0-4661-91e1-10e2f5c45efe
1635911473.666181139s 1 14098bc2-ba79-4e5c-a853-54ee8cfbf24c
1635912211.047346228s 1 142cf273-1e38-4564-a876-e3ec5f71f146
1635931295.611663258s 1 15001cc9-f827-46a9-a83d-91345765c9c0
1635965029.471480287s 1 15210c95-d1aa-4dee-bded-e964836e94ee
1635130025.317624037s 1 16dd03ae-4964-48bd-9681-e48c7b34e778
1635969206.072843367s 1 192fc5ad-7f37-4a9b-8d82-dfe792eb3659
1635133464.628291442s 1 1b8741bf-efa1-4780-a74a-946de098cb57
1635916685.954677312s 1 1cba4005-9369-4bc3-9f2f-7f979356e812
1635925145.778813369s 1 1cd79e15-bdaf-40d8-8ee8-234567e3974b
1635132048.743034878s 1 1d12ddbe-f303-4e69-a56f-cc7b07dbbd01
1635126655.565157194s 1 1e16f05c-ada1-4fbf-a5b0-a19c3ae244cb
1635927911.127092802s 1 20deb22a-66be-428c-80a8-271f81f87570
1635965857.352683832s 1 20f09e3d-c6b6-446a-91f2-8e0d7d01d41b
1635921966.552311327s 1 21558138-0655-4c9e-9644-dd4f0fb62803
1635935178.994700237s 1 21653f63-f4c6-4c3d-9c74-3785d38e0266
1635921536.053754021s 1 218cb32b-09a4-48c8-ad71-13df64f79f93
1635921456.246236256s 1 2204cf48-deb0-43bc-905c-e5def5e3699d
1635919622.065396178s 1 232ca909-a919-406a-94c6-592bc29e35ad
1635911359.84210068s 1 23e6c7f0-17a6-4940-b95d-217a67ce2b25
1635126883.524561063s 1 245d1de3-c339-42c8-8f19-082d240f67a7
1635915030.332595551s 1 26fe344d-5447-42a6-929a-f066710e7f31
1635966357.682809507s 1 2773bef9-f784-4700-a4de-7253b59f8ab7
1635962636.504531276s 1 27da65c5-a110-4c3b-b1c8-53723caf1ab0
1635967044.612195403s 1 280f6feb-c663-4839-85ea-e6f6b5ab23ee
1635919830.0551558s 1 2a51ab90-865c-4c0e-938b-7fb15d94ce01
1635924789.708930318s 1 2b2d8f39-a2ba-4bd3-a80c-2b13f60cc959
1635126942.794751067s 1 2dcf708f-2782-4064-983e-3fe9545bdd5d
1635910872.685361155s 1 2f47eb83-9707-4ac9-8ae7-e757fbd7bb4e
1635912189.704344355s 1 2f4cd0e5-5677-43a4-8523-a1c20d1026c4
1635921525.155617079s 1 32550a9d-5e7b-440c-a390-03f477913149
1635937651.287302573s 1 331d249b-ef4b-4b9b-82f4-77ae7111a329
1635129413.770938955s 1 343cfcdc-1b10-40e6-8f57-09df04bbf2e1
1635914624.207918791s 1 36c94b7b-f985-4b23-a7ad-2b0ad9c1f53d
1635925004.866253046s 1 38e3ff0e-ffe8-405d-9641-f78d14094eb2
1635921697.510254279s 1 3a17974b-ab66-497a-bb6c-4abbbc496bbc
1635925721.479617927s 1 3a73be07-4aa9-433e-943c-50ed0a9d93cc
1635921120.519694818s 1 3b4d73ab-e319-4087-9113-d4e037d0a144
1635129483.58647998s 1 3c4ac145-0280-4d31-8bf1-8d5d2b6e7c2e
1635912184.519667521s 1 3e170f3c-580f-47a9-8559-583f5888d872
1635935674.102415367s 1 3f1ba226-6707-4d18-9dda-620f4d4d0421
1635931566.62280094s 1 3f42c7ef-2d3a-4214-a119-187a6d21b1f7
1635911867.513028544s 1 3fe1376a-886f-483b-8d73-84d9f8007e6b
1635934483.010636979s 1 40bb56dd-2ab4-4c69-a282-0fb1286dc6f6
1635914157.687261306s 1 41d41c4f-15a9-4ccc-8eb6-96239b7ca6c3
1635933061.275859453s 1 435dec56-6ec3-4f0b-904d-967e86ea7131
1635922827.3864283s 1 43d41aad-36d4-4281-9963-5de771b2c17a
1635908145.639845122s 1 446ffa70-ce1f-4081-9627-eecbea704319
1635925818.184420163s 1 4551e542-2448-456e-9d61-7197ba9baeb7
1635920565.908259356s 1 45c24dce-8053-44e2-9872-445f8f16da0e
1635923115.39988637s 1 460ed174-da90-4091-a2ea-86c8423fee0c
1635924667.911469251s 1 4826d75d-85a5-423f-acdb-b4b8316c988a
1635130525.805449686s 1 48bed4c1-157f-4e8c-a574-021832242b5d
1635910973.927752279s 1 48d6efbb-3d3f-483b-aab7-a19f0209e20c
1635930344.325549589s 1 491176b4-9fbe-448c-a63f-24db4eb69e55
1635913154.626323326s 1 49fc584b-06b2-4580-8c69-af9654dbfd97
1635966590.066246135s 1 4a70dfe0-9f94-4bd5-9766-f2a9be4c2e55
1635921696.1974869s 1 4b986288-2d90-43ad-96cf-df2b7d31e841
1635924641.110802364s 1 4d5a229d-0a5b-425c-8544-2b1b966d1afd
1635908427.282455385s 1 4e08c182-5f70-43b0-b7ce-7599585fde2f
1635922074.85807723s 1 4f111d17-e4dc-45ac-a213-adb3adb4ec99
1635962151.326450606s 1 56a4c2ff-f294-42d6-8395-3389281f8204
1635126925.22747194s 1 62952864-192a-4088-8325-c36da84ed1e8
1635922915.345928097s 1 64ced3ee-76cc-46d9-8169-d4de1c025a8b
1635908369.552777464s 1 65653e50-d62a-47ec-aa71-377cf7914615
1635913474.863522691s 1 65b64c98-2cd0-446b-83bd-7defa143e3af
1635917294.519254679s 1 677702d0-486d-4af0-b246-78571034600b
1635919767.082466063s 1 6927721b-24f5-46ea-a0d1-d1ce9985d4ec
1635914692.130833323s 1 6a56976e-f1fe-4ca1-a9a2-46f812e636cf
1635941438.032754938s 1 6a685419-d843-4505-8792-107183db7048
1635910179.85748663s 1 6a96a6a6-f237-4ae6-80a2-a04c9f08ee46
1635924812.763820964s 1 6ae45e88-c30f-4b31-bbaa-00223981aab6
1635927580.853503237s 1 6bd9051e-83b9-4649-96fa-eaa123f25ede
1635919213.369066506s 1 6c6da349-607d-4153-978b-fd7abb3efbfa
1635921658.624308209s 1 6c9728f6-9aff-48de-9eae-517100f72891
1635979632.946394889s 1 6cf87969-4222-477e-835b-2f0ec402b9f1
1635911474.787549392s 1 6ea2b47c-2720-4b13-8bb8-1b1a3cbbf486
1635910853.174987575s 1 7033e603-1c0c-4e4d-b19c-cb3bc5e2edfd
1635933871.983659597s 1 70d53e1e-7b67-445b-be72-65f5289becef
1635910510.470311709s 1 72618187-8c4c-426d-a5d8-70285c7b846e
1635937551.935177676s 1 73cdfc5e-e600-46f9-bc3c-b5da8ee4032b
1635925903.381834068s 1 748622f3-e71c-4f49-837d-3c3a0a204b16
1635132409.895113094s 1 7865ec58-3722-458f-93c6-39f00d72c2e6
1635920869.117281555s 1 7aaaec25-1569-4a42-8559-a027fcf57557
1635920331.195818439s 1 80287788-4322-4db4-a081-7d0c3fe6d7bf
1635981163.328588548s 1 80cecc26-fd86-49df-97a8-56ebba44e40e
1635920445.252857821s 1 82508f23-874c-4b6a-9cc0-5bab75de1921
1635938745.257166545s 1 82703347-1388-41fe-ab8d-c3c1aa3126ef
1635932957.186350252s 1 88d09524-b570-4fe4-8f82-75cd67f48233
1635054020.245259074s 1 895c9842-9496-428e-b8b7-723d41e3698a
1635928473.462058551s 1 8c28d9dd-942f-4d0f-9cdf-2133695947d0
1635939403.550996121s 1 8c4fcb7d-40a2-4d89-a18e-5aad88ce424c
1635924388.315096967s 1 8c64f587-f389-4cb5-93cf-7928c9ccfc60
1635834613.52040607s 1 8ccf17c8-1138-4f8c-9921-970562fcd3e9
1635910576.844748005s 1 90710cf1-cf7e-4de9-af3c-06b41e71823d
1635127182.210532744s 1 93a063c3-1e0f-4203-9b25-13a3c3ac7004
1635936788.858738234s 1 98a63dcb-cae5-41d7-92ed-e3d5df270390
1635926271.314380328s 1 9b05f511-b1f8-4889-9cb4-6523148ceaad
1635920136.203183364s 1 9b56bbc9-d6d3-4592-ad51-93a66f88777f
1635905488.670937871s 1 9c677c8d-ae22-41c3-b19a-7b6b8c40829e
1635965326.42996029s 1 9f314a03-398f-4262-b661-d800fde5acef
1635910597.692202685s 1 a67e1e63-080f-4555-b150-a46f1a29551d
1635912301.132790035s 1 a726d9ce-e20b-479a-b0e3-6b3029f6d263
1635129278.801591204s 1 a832fffe-20bf-41e0-a694-c9c523b6accc
1635931022.244930225s 1 a8cb0972-827a-482e-9371-1473a0bae345
1635922660.14792508s 1 a9ace307-4ecb-43ae-be30-7fd40c755290
1635054070.15221227s 1 aa1dbf5a-db52-48bd-889b-c7a6b8e4f058
1635913684.269485935s 1 aa223c39-4042-44b3-8cef-817a3199e845
1635912369.808775854s 1 aa9cd3c8-eb48-4e56-9072-200b4edab708
1635912606.265333774s 1 ab25b725-f83c-47e1-801d-3f1717e7bca2
1635911979.850821262s 1 abf4399b-ce43-4d32-8d83-fc7417083111
1635917693.549815249s 1 acf2e282-368e-43aa-8844-9ce8ee76fc9a
1635919115.342967106s 1 adacc0e1-2183-4fff-a404-bae186467b48
1635937879.222225976s 1 aeae55c8-6314-4590-bdb4-223b770dc50a
1635935444.15515869s 1 b192faf5-2e0e-4f86-97f4-be1f3f436d6b
1635907970.811168411s 1 b3781ce3-a316-4151-a0d2-678c41df232e
1635933795.591214963s 1 b4334676-f648-40ef-a8d3-c63d59da38b0
1635911375.516634137s 1 b43f24c9-412a-4543-8fbb-16dc6ac7ce51
1635909337.594980907s 1 b701bc03-ca98-4aef-b632-ffd1be1682aa
1635931145.211568307s 1 b72564cf-bd9b-4af9-80de-a61f4b3a004b
1635928385.28318462s 1 b74cf32f-0e03-4251-9267-808c927011ea
1635909916.990310996s 1 ba4d693e-6c3b-45d7-9a5c-00a34c949576
1635939418.655345561s 1 bab6db4c-d39c-4352-84a7-431922afcf51
1635129043.33048021s 1 bdd1e04f-a217-449b-960b-91a85137ea81
1635939729.507984872s 1 c0982a31-ff07-444f-afd6-a3b129a38088
1635911371.226262381s 1 c1a38df8-abea-4930-bbc3-5e669edba655
1635931028.562092011s 1 c1ef9e30-5209-4dd0-9063-0a6062f8cf15
1635921075.258047335s 1 c781e340-b016-49f3-8da2-1bcc3fef1eda
1635919613.782095542s 1 c7b5c0d7-8275-4376-844d-df3ff0904b35
1635925155.919102277s 1 c80a8c2b-2743-442a-a6c1-bb1bb1bc57b7
1635926081.885075212s 1 c83e296b-fdc9-4d1d-9d14-86cdbed4b5e9
1635942194.399007672s 1 c8c6d84a-e40f-4434-bd2b-ed70d22fb581
1635965188.60657701s 1 c9a2a53e-6ff5-42b1-b050-72f50910f516
1635931857.022594106s 1 ca7f501d-446d-483a-bc99-48e2250c1b3f
1635912661.14622476s 1 caf47290-12b3-4635-9c2f-a5762c43c5c8
1635912249.904749661s 1 cb9358cc-ed09-4a2d-a679-c4a185e1f2c7
1635920137.871206342s 1 cc372629-c661-4036-8966-991995b38999
1635924823.086411374s 1 ce89b3d4-5cef-4a1e-a740-6f599af1b1ae
1635126752.491030107s 1 d05405e5-47fc-4293-b06c-bda11157b878
1635920362.753080235s 1 d05d115b-4677-48f5-b7f0-c629b9e774cb
1635889126.18727613s 1 d0685746-421b-4a1e-846f-3eb12a4fbc5f
1635934847.52181999s 1 d06ccd0f-464a-4108-b213-ffe2013dcc7d
1635910151.676618792s 1 d15926c2-24c3-4016-802d-bae46bd0ce9a
1635912539.529601044s 1 d20b3b0f-90cf-4efc-8a2b-8025e3b64a99
1635910209.452449067s 1 d417aa7f-0f99-4e28-9403-90823f8c3c98
1635912804.405487747s 1 d4389e29-b0b3-4fc2-8904-ed587405609b
1635918861.797254872s 1 d570bb5f-52d2-4af6-9fba-d120f2cec975
1635919706.685685014s 1 d65ea055-f2c7-45ce-bb4b-891eb8ad4271
1635924388.73972047s 1 d66788c6-d511-4779-90bb-f88cdc91c188
1635917958.743913221s 1 d68eaca4-996d-4aaa-85ce-47d27241acc9
1647800333.952352589s 1 d6d88691-32c4-412f-85f0-6c27a27e669d
1635911378.57796191s 1 d70327ae-8b88-4560-9efd-bd019f821d4e
1635924388.217853933s 1 dc50c3ca-89f3-4996-88b6-f4d63956ac0e
1635932897.745784337s 1 dd0f1b4f-ca4f-4da0-871e-39c3b7545aad
1635911909.880162635s 1 dd4f8905-e73f-459e-bc80-9ab780d258e3
1635928889.414065308s 1 de0be90b-a82e-4edd-b6a6-b87c3379c0fa
1635921382.960653323s 1 dfbc1335-9ec7-431c-bbeb-a00b7366938f
1635913131.469270876s 1 dfe9c672-e69a-4524-97b5-2feceeec639c
1635911651.296467059s 1 e00874b2-4c00-4ea5-b733-80a5f0a68d0e
1635912569.872249676s 1 e132622c-823f-42e7-9dae-f20902c61fd6
1635918509.245142911s 1 e22e20d9-3a64-46f7-a2cc-d364e175c4e8
1635912516.261003303s 1 e27408da-1af0-4a20-8bcd-59fdd44c21d7
1635919500.599941499s 1 e2ee8d0d-a1d6-406c-bb35-d565ebedecac
1635891580.933216525s 1 e329d069-17bc-42f1-9bff-9870522ab3fd
1635126694.129448033s 1 e3be1835-ee26-4ce2-8b23-881383ac2303
1635911940.999960116s 1 e40c92cf-33e2-4330-9cf2-57071d8648f0
1635911876.22862882s 1 e47f4fc6-566b-4f8c-9e83-f09a640cef53
1635126975.118376211s 1 e5cd99d1-3c76-4362-b54e-17f97678ce49
1635129547.469847107s 1 e77ca144-2fb5-4bfb-ae47-70733d9b5f92
1635933980.161434114s 1 e85ef6d3-8b02-4dcd-9fc8-b64d3ee96f5c
1648919337.599809733s 1 e8dfd6d5-7663-407b-b392-6200330fbe7a
1635911471.111949093s 1 ea142f7a-e5b4-495e-9eba-d5efdc3bfe37
1635912100.817367789s 1 ed57b730-d6bb-433b-9906-8815fdb49cd6
1635920370.164430716s 1 ee76b2f6-9585-4723-ab94-2b1fe870bdd9
1635919207.481373708s 1 efe77f98-2c17-4e38-b2e1-43b88dd2cfc0
1635893131.991914055s 1 f21cc21f-6ab0-445e-aea1-b7ad2028cec5
1635914190.155928653s 1 f43a41d7-b8b4-48e9-be8d-846c11ac4edf
1635919065.240776032s 1 f580654d-7123-4155-97ea-79e10ce31186
1635927775.403201229s 1 f5a7156c-3623-47f7-8130-a22b512ff0da
1635921684.099311708s 1 f85e84c2-b184-4c42-a183-503f4847cbd3
