1655742596.763357896s 1 043614ba-f7f8-46d2-bb00-40a69b7ea3ba
1649690313.972998002s 1 06d5a88a-c4dd-4ad5-9b7b-35e7853d01b1
1668870242.315434182s 1 0a5d11eb-1b04-46cc-a0aa-6b9a3d667eff
1649705329.649020679s 1 0ed6b561-8e3f-4697-b2b1-7a58d4ed08af
1649697639.148925203s 1 1688d1df-50f3-441f-887b-63e01becf3ce
1649690299.318080295s 1 201abd8f-bd49-40fe-8628-5dc913caa86b
1653714557.689383512s 1 24b6daaa-fd1f-469e-a425-8fc5a1dbe830
1649701731.642708641s 1 24f29b97-8eab-49bf-86b2-e25aa3e09fee
1648963440.551096795s 1 27c1337d-62a0-4ed5-970d-6d39132765b1
1649706311.257109383s 1 2871ad17-99e5-46ea-b41f-945d2da560ae
1668787418.511868044s 1 32ab7f7a-2824-41ce-bf35-8f92a186bcd6
1648959823.32145995s 1 367aac8d-7d1f-4bac-b2c7-21ab81e5067d
1668883805.123153471s 1 37913e01-8be3-40d4-8798-52ca2a338755
1668744811.792539594s 1 3f4ad370-2b93-40b0-becb-922bcb208556
1668746156.506734059s 1 44623642-2e55-484a-8ea2-2b2146a55fc1
1668865234.967923629s 1 4b07bc67-cf48-44a9-9afe-9480065cee1c
1668888002.604573552s 1 58e1dd76-2f1a-496d-9859-0d41320340c1
1648957714.081542316s 1 5cee17c1-3da0-49d4-8fc0-25cb5ea437d3
1668810054.415443935s 1 639c0c3f-07fb-489b-be82-37cb50579551
1653711141.86132388s 1 6d4289e5-5ddd-4850-8a92-aae885f36afc
1649622281.363181333s 1 6d7edcfd-d410-4f96-9e43-434344add44f
1653711548.502582813s 1 7517508a-eeec-42f6-b088-7411f060de3f
1668889863.001596022s 1 75c31578-38d0-4e06-940d-c9d994bcb813
1648956221.435721464s 1 79371621-9aab-4632-958e-89f45476d88a
1668863893.264954348s 1 7a5bc051-254e-4f72-acbe-e1137dfb7bf7
1668884205.123267698s 1 7dab843b-8e7b-4128-b863-f290464b6428
1649703535.774045473s 1 8067926c-f65d-4f20-ba89-03aac5128022
1648938547.519281088s 1 88b0f03c-1d24-4edb-a4dd-cb8b3b1421a4
1691622881.965194115s 1 8da1ac07-c431-43d3-93bb-5620a4683324
1653714051.238765856s 1 8e3324f0-7889-4bf7-acc9-a4059dc41dc1
1668811235.958612061s 1 8f735693-c5ac-4479-b4d6-25162ccdaf7f
1668885821.2528247s 1 96104b61-5046-49e5-973e-6f91f8f4ad6e
1648958652.959449918s 1 998a60ec-6a31-422d-b631-c7b211aef082
1648955482.044456667s 1 9a87b3b5-cacf-42dc-8769-6fb7762252e9
1648955902.275221076s 1 9c44eb28-30d9-41a2-82c6-919a4f611cac
1668806668.672148973s 1 9fa1a901-9667-425b-ade9-d60d261bff8b
1648954590.275592583s 1 a4b51839-fd99-4fc6-b356-9bce5dbdbec9
1668885926.689825629s 1 a4fd2726-7be0-4a6f-b5ce-faee317eb448
1648954771.091571875s 1 a55b3561-f6b3-4503-a48a-959075ebe0b7
1648938640.641600571s 1 aa1dbf5a-db52-48bd-889b-c7a6b8e4f058
1649696519.71373222s 1 bfa2cf91-7b64-4a08-b559-00351f9008dd
1668886041.619708399s 1 c24a8ebd-e0ae-44c7-a073-b35c19bb848f
1649702788.909235226s 1 c5c3b416-73a6-495b-acd4-e0832399a573
1689174090.739284898s 1 ce44986a-2ddb-4cf9-b06b-7a98ef7c7eae
1649704742.499503381s 1 d2b944f0-4659-4aaa-b899-7068b91e260d
1669418153.108830495s 1 d5147edf-5ccc-4fbf-b427-b76ce8a0374a
1668759104.228852011s 1 d68c00ee-2581-43f4-92fe-25c4c4befc6d
1689254135.61073238s 1 d6d88691-32c4-412f-85f0-6c27a27e669d
1668827553.525056726s 1 d9a69101-d067-439b-bfb5-a05b42991da9
1653715406.460061967s 1 d9ec4b15-8620-463c-b54a-1c6bd3f8e167
1668786455.171497285s 1 db32226e-833b-4fed-b427-bdcd63992bd6
1649691411.464731832s 1 de9edb62-b449-4082-8261-3cce2c8cabe9
1668796932.65538051s 1 df3f1e62-b1bc-493d-84a2-36c234443807
1668881320.354314668s 1 e35529eb-ba10-4f35-be98-4d8322fd6c74
1649622344.360696374s 1 ea48346e-64e3-4fea-8ed6-388a3360e5ab
1668797403.87132733s 1 ee13d136-6190-441e-9d5c-cdda884d2fda
1649698355.687188594s 1 ee510e8b-f982-45a7-9ff6-a6f40a2cd3e6
1668810286.890509017s 1 ef275a45-261f-4efc-9be0-8728686dacfe
1648951525.630331631s 1 f83b3df8-b810-45c2-9c68-c90b847cbba4
1653714007.614720415s 1 feaa5f9c-9834-4fd9-9c98-f2a3b8799a25
