1634534994.269905796s 1 cc0bd0af-1811-44ac-b1c6-f793f5b8e707
1634537232.173037538s 1 9e0bf9b8-c00e-4558-837a-82b81af467be
1634537253.264883153s 1 d8173254-367e-4c3f-a44c-efe866c3c0db
1634537299.242577561s 1 2b6ef11a-5301-4771-94a5-64100ca47606
1634537422.795258731s 1 80ac4bf8-0806-4983-834d-1ffee4cf6edd
1634537473.989111552s 1 3dd94665-6aa2-4dc1-970c-f2140caada0c
1634537489.189792947s 1 7eaef55e-0c82-4e65-845c-7236408a7ebe
1634537504.229898664s 1 445623d3-551e-4173-b48d-c6d1b1100fdd
1634537512.304933277s 1 4c38638c-4066-4773-bc7b-b42d71dfc1a9
1634537547.931610632s 1 df4b73a3-77a2-46d3-bfd1-94905f55edd3
1634537556.005558388s 1 d6f3680e-08bc-48b3-9cc8-4512cd39bf31
1634537591.726618569s 1 0d91cda4-beff-47ea-9764-d53a9ee39bdd
1634537663.579463026s 1 23a989e4-f14b-4b93-98ea-5b578b11383b
1634537871.461287265s 1 5b863356-69eb-4cf3-b1f9-f4c6e2afec9c
1634537896.579224283s 1 e137b69d-1ed4-4cc6-94b0-da28803845bf
1634537947.036818204s 1 cca1698e-4a6f-4ea0-8425-f6245bba5488
1634537972.5172266s 1 2986eee6-b3b6-48e4-8344-13e7c168b6dc
1634538031.804117029s 1 59ab7866-acf5-44ab-8314-98ff00009416
1634538064.135072919s 1 b6c751c4-b646-4e70-9632-7f49ab7310cb
1634538105.091584208s 1 4134502a-1086-4d51-a6b9-f8e26cbd0a22
1634538178.454983586s 1 f976ca55-c010-4e3e-8d7a-f40cc7229a2f
1634538290.231506009s 1 4611d722-a14b-493e-86ce-52df3c292aca
1634538320.466534211s 1 5e655686-5a2f-4a65-aba7-ed5d1f4dbf55
1634541076.062969002s 1 e6f9cde3-3186-4a1b-ad69-84bc12157c8f
1635905488.92030151s 1 9c677c8d-ae22-41c3-b19a-7b6b8c40829e
1635905519.408212308s 1 aa1dbf5a-db52-48bd-889b-c7a6b8e4f058
1635907971.089582587s 1 b3781ce3-a316-4151-a0d2-678c41df232e
1635908002.999437245s 1 aa1dbf5a-db52-48bd-889b-c7a6b8e4f058
1635908145.987296603s 1 446ffa70-ce1f-4081-9627-eecbea704319
1635908174.326120339s 1 aa1dbf5a-db52-48bd-889b-c7a6b8e4f058
1635908369.838256345s 1 65653e50-d62a-47ec-aa71-377cf7914615
1635908371.598375001s 1 11253bcf-71a0-45db-ba8e-9b859dc3ea42
1635908393.139124564s 1 aa1dbf5a-db52-48bd-889b-c7a6b8e4f058
1635908427.556829101s 1 4e08c182-5f70-43b0-b7ce-7599585fde2f
1635908438.710526102s 1 aa1dbf5a-db52-48bd-889b-c7a6b8e4f058
1635908486.076965998s 1 aa1dbf5a-db52-48bd-889b-c7a6b8e4f058
1635909338.006761004s 1 b701bc03-ca98-4aef-b632-ffd1be1682aa
1635909380.868046172s 1 aa1dbf5a-db52-48bd-889b-c7a6b8e4f058
1635910873.086189572s 1 2f47eb83-9707-4ac9-8ae7-e757fbd7bb4e
1635910968.503372422s 1 aa1dbf5a-db52-48bd-889b-c7a6b8e4f058
1635911360.220854638s 1 23e6c7f0-17a6-4940-b95d-217a67ce2b25
1635911371.627964753s 1 c1a38df8-abea-4930-bbc3-5e669edba655
1635911375.855350521s 1 b43f24c9-412a-4543-8fbb-16dc6ac7ce51
1635911378.902037259s 1 d70327ae-8b88-4560-9efd-bd019f821d4e
1635911383.693248869s 1 01e5882d-f2d7-4e3e-820b-4b5c0e9b0610
1635911392.610813327s 1 aa1dbf5a-db52-48bd-889b-c7a6b8e4f058
1635911451.788956586s 1 aa1dbf5a-db52-48bd-889b-c7a6b8e4f058
1635911474.140698168s 1 14098bc2-ba79-4e5c-a853-54ee8cfbf24c
1635911475.120560959s 1 6ea2b47c-2720-4b13-8bb8-1b1a3cbbf486
1635911508.616509638s 1 aa1dbf5a-db52-48bd-889b-c7a6b8e4f058
1635911566.386386234s 1 aa1dbf5a-db52-48bd-889b-c7a6b8e4f058
1635911622.594653727s 1 aa1dbf5a-db52-48bd-889b-c7a6b8e4f058
1635911731.948221216s 1 aa1dbf5a-db52-48bd-889b-c7a6b8e4f058
1635911790.63077997s 1 aa1dbf5a-db52-48bd-889b-c7a6b8e4f058
1635911867.882021001s 1 3fe1376a-886f-483b-8d73-84d9f8007e6b
1635911876.594756477s 1 e47f4fc6-566b-4f8c-9e83-f09a640cef53
1635911907.674598095s 1 aa1dbf5a-db52-48bd-889b-c7a6b8e4f058
1635911910.258366116s 1 dd4f8905-e73f-459e-bc80-9ab780d258e3
1635911967.738721362s 1 aa1dbf5a-db52-48bd-889b-c7a6b8e4f058
1635912021.334574727s 1 aa1dbf5a-db52-48bd-889b-c7a6b8e4f058
1635912101.33247248s 1 ed57b730-d6bb-433b-9906-8815fdb49cd6
1635912184.888329152s 1 3e170f3c-580f-47a9-8559-583f5888d872
1635912211.376092653s 1 142cf273-1e38-4564-a876-e3ec5f71f146
1635912269.371292141s 1 aa1dbf5a-db52-48bd-889b-c7a6b8e4f058
1635912301.493224444s 1 a726d9ce-e20b-479a-b0e3-6b3029f6d263
1635912383.794834673s 1 aa1dbf5a-db52-48bd-889b-c7a6b8e4f058
1635912437.952109453s 1 aa1dbf5a-db52-48bd-889b-c7a6b8e4f058
1635912516.585662385s 1 e27408da-1af0-4a20-8bcd-59fdd44c21d7
1635912570.240993405s 1 e132622c-823f-42e7-9dae-f20902c61fd6
1635912606.729506557s 1 ab25b725-f83c-47e1-801d-3f1717e7bca2
1635912658.612753243s 1 aa1dbf5a-db52-48bd-889b-c7a6b8e4f058
1635912765.022111101s 1 aa1dbf5a-db52-48bd-889b-c7a6b8e4f058
1635912804.84534506s 1 d4389e29-b0b3-4fc2-8904-ed587405609b
1635912873.853753414s 1 aa1dbf5a-db52-48bd-889b-c7a6b8e4f058
1635912943.310502373s 1 aa1dbf5a-db52-48bd-889b-c7a6b8e4f058
1635913155.040546445s 1 49fc584b-06b2-4580-8c69-af9654dbfd97
1635913178.942947834s 1 aa1dbf5a-db52-48bd-889b-c7a6b8e4f058
1635913395.316258137s 1 aa1dbf5a-db52-48bd-889b-c7a6b8e4f058
1635914624.671490806s 1 36c94b7b-f985-4b23-a7ad-2b0ad9c1f53d
1635914692.635402552s 1 6a56976e-f1fe-4ca1-a9a2-46f812e636cf
1635914712.065525198s 1 aa1dbf5a-db52-48bd-889b-c7a6b8e4f058
1635914783.271507023s 1 aa1dbf5a-db52-48bd-889b-c7a6b8e4f058
1635915031.050122922s 1 26fe344d-5447-42a6-929a-f066710e7f31
1635915076.849134683s 1 aa1dbf5a-db52-48bd-889b-c7a6b8e4f058
1635965189.008714754s 1 c9a2a53e-6ff5-42b1-b050-72f50910f516
1635967045.149557131s 1 280f6feb-c663-4839-85ea-e6f6b5ab23ee
1635969206.478199726s 1 192fc5ad-7f37-4a9b-8d82-dfe792eb3659
1635969703.211594061s 1 081a393d-d956-40fc-aee2-14444c06fdf7
1635981164.294839508s 1 80cecc26-fd86-49df-97a8-56ebba44e40e
1635995644.992759232s 1 ff281771-ed0e-409a-9086-d0d9d38789e1
1635998226.012120676s 1 d8ad7f20-9d77-4a0b-8250-9f807e5f0498
1635998226.029201953s 1 26b5db7a-977c-48eb-b523-4cc6e2572827
1635998422.416166183s 1 bd8e6a23-fb6c-418d-ae12-158ad9f82376
1635998495.499036264s 1 1bb4a259-36a2-411f-be5e-cd84ee4ec810
1635998574.680471949s 1 cf733198-a6b4-4237-b3fa-b92ce0123f8e
1635998589.3870481s 1 309eb93a-f5bb-4fa2-9715-a0cbddc9896c
1635998604.406367473s 1 11847518-81dc-41fd-b28a-095fb866fde9
1635998674.009537171s 1 f67e59e9-202b-4fc1-95ab-026c955ea01b
1635998710.832908596s 1 12e45a5f-9d68-4ca3-baeb-443e8f6e0493
1635998713.039041973s 1 2aa75d6a-08f2-4b04-b110-edb73d3e5b83
1635998858.05576228s 1 cd7e941c-9dc1-4b86-80b1-efc20de5ed1c
1635998971.932253785s 1 ddc5c595-a92e-4f21-8e3c-bf1fa566478a
1635999003.460899994s 1 f062b293-a30b-43c9-8c9a-7fb36d9f4fd2
1635999034.354915149s 1 9057f050-74bc-4186-8a21-ee24d8e6d9e0
1635999111.659180304s 1 27937e9b-0fe8-4c85-b66c-654f58fcd4c9
1635999170.446625379s 1 d18fc42f-02c7-4d24-9a4e-f7c94c763c0b
1635999275.734227797s 1 4688ff5c-baa8-447b-98e2-27214b4a3227
1635999338.997199727s 1 1e23ad8a-f3ee-47fd-be3f-0d74e2cefb22
1635999391.539517138s 1 93bef54c-a08f-4428-bcbc-20c242e77cc0
1635999796.530203504s 1 9a8acbc8-9505-4811-a887-2db96576e944
1635999892.617056975s 1 bd1aa901-98d7-429a-9bb0-32201df75791
1636000397.333395837s 1 646275c7-2ab2-4952-92ce-d6788f7300ec
1636000480.304763114s 1 ea48346e-64e3-4fea-8ed6-388a3360e5ab
1640378123.542240756s 1 24181233-9f4b-4d47-a5b7-ad5620ee99cb
1647640047.503485662s 1 26c2536d-4928-463e-9556-570f9e3e1382
1647808305.826363756s 1 d6d88691-32c4-412f-85f0-6c27a27e669d
1655749426.504720553s 1 043614ba-f7f8-46d2-bb00-40a69b7ea3ba
