1634534995.171858882s 1 cc0bd0af-1811-44ac-b1c6-f793f5b8e707
1634537233.115870487s 1 9e0bf9b8-c00e-4558-837a-82b81af467be
1634537254.148883438s 1 d8173254-367e-4c3f-a44c-efe866c3c0db
1634537300.176336151s 1 2b6ef11a-5301-4771-94a5-64100ca47606
1634537423.694287549s 1 80ac4bf8-0806-4983-834d-1ffee4cf6edd
1634537474.909441136s 1 3dd94665-6aa2-4dc1-970c-f2140caada0c
1634537490.072371298s 1 7eaef55e-0c82-4e65-845c-7236408a7ebe
1634537505.211387241s 1 445623d3-551e-4173-b48d-c6d1b1100fdd
1634537513.245759812s 1 4c38638c-4066-4773-bc7b-b42d71dfc1a9
1634537548.874734845s 1 df4b73a3-77a2-46d3-bfd1-94905f55edd3
1634537556.933456396s 1 d6f3680e-08bc-48b3-9cc8-4512cd39bf31
1634537592.704723376s 1 0d91cda4-beff-47ea-9764-d53a9ee39bdd
1634537664.513949578s 1 23a989e4-f14b-4b93-98ea-5b578b11383b
1634537872.323701446s 1 5b863356-69eb-4cf3-b1f9-f4c6e2afec9c
1634537897.542970434s 1 e137b69d-1ed4-4cc6-94b0-da28803845bf
1634537947.980971217s 1 cca1698e-4a6f-4ea0-8425-f6245bba5488
1634537973.434631564s 1 2986eee6-b3b6-48e4-8344-13e7c168b6dc
1634538032.725643168s 1 59ab7866-acf5-44ab-8314-98ff00009416
1634538065.046783234s 1 b6c751c4-b646-4e70-9632-7f49ab7310cb
1634538106.030354017s 1 4134502a-1086-4d51-a6b9-f8e26cbd0a22
1634538179.38393492s 1 f976ca55-c010-4e3e-8d7a-f40cc7229a2f
1634538291.152287261s 1 4611d722-a14b-493e-86ce-52df3c292aca
1634538321.429961281s 1 5e655686-5a2f-4a65-aba7-ed5d1f4dbf55
1634541079.242063972s 1 e6f9cde3-3186-4a1b-ad69-84bc12157c8f
1635905491.4440793s 1 9c677c8d-ae22-41c3-b19a-7b6b8c40829e
1635905521.733577954s 1 aa1dbf5a-db52-48bd-889b-c7a6b8e4f058
1635907973.409407177s 1 b3781ce3-a316-4151-a0d2-678c41df232e
1635908005.557402122s 1 aa1dbf5a-db52-48bd-889b-c7a6b8e4f058
1635908148.42733922s 1 446ffa70-ce1f-4081-9627-eecbea704319
1635908179.367413856s 1 aa1dbf5a-db52-48bd-889b-c7a6b8e4f058
1635908372.236367183s 1 65653e50-d62a-47ec-aa71-377cf7914615
1635908373.953082916s 1 11253bcf-71a0-45db-ba8e-9b859dc3ea42
1635908395.520439763s 1 aa1dbf5a-db52-48bd-889b-c7a6b8e4f058
1635908429.888272828s 1 4e08c182-5f70-43b0-b7ce-7599585fde2f
1635908441.275846821s 1 aa1dbf5a-db52-48bd-889b-c7a6b8e4f058
1635908490.83536944s 1 aa1dbf5a-db52-48bd-889b-c7a6b8e4f058
1635909342.059964831s 1 b701bc03-ca98-4aef-b632-ffd1be1682aa
1635909383.112037748s 1 aa1dbf5a-db52-48bd-889b-c7a6b8e4f058
1635910875.641126258s 1 2f47eb83-9707-4ac9-8ae7-e757fbd7bb4e
1635910973.615029592s 1 aa1dbf5a-db52-48bd-889b-c7a6b8e4f058
1635911362.644627466s 1 23e6c7f0-17a6-4940-b95d-217a67ce2b25
1635911374.092195246s 1 c1a38df8-abea-4930-bbc3-5e669edba655
1635911377.988225755s 1 b43f24c9-412a-4543-8fbb-16dc6ac7ce51
1635911381.139926526s 1 d70327ae-8b88-4560-9efd-bd019f821d4e
1635911385.952193515s 1 01e5882d-f2d7-4e3e-820b-4b5c0e9b0610
1635911395.510706087s 1 aa1dbf5a-db52-48bd-889b-c7a6b8e4f058
1635911454.206477732s 1 aa1dbf5a-db52-48bd-889b-c7a6b8e4f058
1635911477.393254276s 1 6ea2b47c-2720-4b13-8bb8-1b1a3cbbf486
1635911478.102854551s 1 14098bc2-ba79-4e5c-a853-54ee8cfbf24c
1635911510.951454261s 1 aa1dbf5a-db52-48bd-889b-c7a6b8e4f058
1635911568.543727254s 1 aa1dbf5a-db52-48bd-889b-c7a6b8e4f058
1635911625.3831194s 1 aa1dbf5a-db52-48bd-889b-c7a6b8e4f058
1635911734.57011421s 1 aa1dbf5a-db52-48bd-889b-c7a6b8e4f058
1635911794.964728257s 1 aa1dbf5a-db52-48bd-889b-c7a6b8e4f058
1635911870.259206208s 1 3fe1376a-886f-483b-8d73-84d9f8007e6b
1635911878.933130735s 1 e47f4fc6-566b-4f8c-9e83-f09a640cef53
1635911910.211341405s 1 aa1dbf5a-db52-48bd-889b-c7a6b8e4f058
1635911912.714697058s 1 dd4f8905-e73f-459e-bc80-9ab780d258e3
1635911970.307897202s 1 aa1dbf5a-db52-48bd-889b-c7a6b8e4f058
1635912024.048399149s 1 aa1dbf5a-db52-48bd-889b-c7a6b8e4f058
1635912105.382658317s 1 ed57b730-d6bb-433b-9906-8815fdb49cd6
1635912187.332875587s 1 3e170f3c-580f-47a9-8559-583f5888d872
1635912213.73854193s 1 142cf273-1e38-4564-a876-e3ec5f71f146
1635912272.585213329s 1 aa1dbf5a-db52-48bd-889b-c7a6b8e4f058
1635912303.793402039s 1 a726d9ce-e20b-479a-b0e3-6b3029f6d263
1635912386.350935911s 1 aa1dbf5a-db52-48bd-889b-c7a6b8e4f058
1635912440.434514745s 1 aa1dbf5a-db52-48bd-889b-c7a6b8e4f058
1635912518.791134678s 1 e27408da-1af0-4a20-8bcd-59fdd44c21d7
1635912573.278778466s 1 e132622c-823f-42e7-9dae-f20902c61fd6
1635912609.210341857s 1 ab25b725-f83c-47e1-801d-3f1717e7bca2
1635912662.069771623s 1 aa1dbf5a-db52-48bd-889b-c7a6b8e4f058
1635912767.372971403s 1 aa1dbf5a-db52-48bd-889b-c7a6b8e4f058
1635912807.179329003s 1 d4389e29-b0b3-4fc2-8904-ed587405609b
1635912878.735714432s 1 aa1dbf5a-db52-48bd-889b-c7a6b8e4f058
1635912946.271257716s 1 aa1dbf5a-db52-48bd-889b-c7a6b8e4f058
1635913157.498150011s 1 49fc584b-06b2-4580-8c69-af9654dbfd97
1635913181.821435817s 1 aa1dbf5a-db52-48bd-889b-c7a6b8e4f058
1635913399.473652397s 1 aa1dbf5a-db52-48bd-889b-c7a6b8e4f058
1635914627.152885028s 1 36c94b7b-f985-4b23-a7ad-2b0ad9c1f53d
1635914694.975544889s 1 6a56976e-f1fe-4ca1-a9a2-46f812e636cf
1635914714.985813934s 1 aa1dbf5a-db52-48bd-889b-c7a6b8e4f058
1635914787.755558962s 1 aa1dbf5a-db52-48bd-889b-c7a6b8e4f058
1635915034.894623731s 1 26fe344d-5447-42a6-929a-f066710e7f31
1635915079.415712016s 1 aa1dbf5a-db52-48bd-889b-c7a6b8e4f058
1635965191.306637675s 1 c9a2a53e-6ff5-42b1-b050-72f50910f516
1635967047.654923808s 1 280f6feb-c663-4839-85ea-e6f6b5ab23ee
1635969208.930205231s 1 192fc5ad-7f37-4a9b-8d82-dfe792eb3659
1635969706.999820329s 1 081a393d-d956-40fc-aee2-14444c06fdf7
1635981168.006520412s 1 80cecc26-fd86-49df-97a8-56ebba44e40e
1635995645.93213977s 1 ff281771-ed0e-409a-9086-d0d9d38789e1
1635998226.980542247s 1 d8ad7f20-9d77-4a0b-8250-9f807e5f0498
1635998226.993009565s 1 26b5db7a-977c-48eb-b523-4cc6e2572827
1635998423.408222007s 1 bd8e6a23-fb6c-418d-ae12-158ad9f82376
1635998496.510236199s 1 1bb4a259-36a2-411f-be5e-cd84ee4ec810
1635998575.659652199s 1 cf733198-a6b4-4237-b3fa-b92ce0123f8e
1635998590.329730862s 1 309eb93a-f5bb-4fa2-9715-a0cbddc9896c
1635998605.371296168s 1 11847518-81dc-41fd-b28a-095fb866fde9
1635998674.955825192s 1 f67e59e9-202b-4fc1-95ab-026c955ea01b
1635998711.83478328s 1 12e45a5f-9d68-4ca3-baeb-443e8f6e0493
1635998714.013437217s 1 2aa75d6a-08f2-4b04-b110-edb73d3e5b83
1635998859.01095558s 1 cd7e941c-9dc1-4b86-80b1-efc20de5ed1c
1635998972.916688786s 1 ddc5c595-a92e-4f21-8e3c-bf1fa566478a
1635999004.486744817s 1 f062b293-a30b-43c9-8c9a-7fb36d9f4fd2
1635999035.326654091s 1 9057f050-74bc-4186-8a21-ee24d8e6d9e0
1635999112.643418662s 1 27937e9b-0fe8-4c85-b66c-654f58fcd4c9
1635999171.489231189s 1 d18fc42f-02c7-4d24-9a4e-f7c94c763c0b
1635999276.704041977s 1 4688ff5c-baa8-447b-98e2-27214b4a3227
1635999339.956349482s 1 1e23ad8a-f3ee-47fd-be3f-0d74e2cefb22
1635999392.516130888s 1 93bef54c-a08f-4428-bcbc-20c242e77cc0
1635999801.003130734s 1 9a8acbc8-9505-4811-a887-2db96576e944
1635999893.620475868s 1 bd1aa901-98d7-429a-9bb0-32201df75791
1636000398.293011301s 1 646275c7-2ab2-4952-92ce-d6788f7300ec
1636000481.117386664s 1 ea48346e-64e3-4fea-8ed6-388a3360e5ab
1640378131.179952485s 1 24181233-9f4b-4d47-a5b7-ad5620ee99cb
1647640047.843923448s 1 26c2536d-4928-463e-9556-570f9e3e1382
1647808330.875197666s 1 d6d88691-32c4-412f-85f0-6c27a27e669d
1655749445.380750444s 1 043614ba-f7f8-46d2-bb00-40a69b7ea3ba
